2025-10-14 10:10:40,267 - src.infrastructure.services.logger - INFO - Бот запущен
2025-10-14 10:10:40,270 - src.infrastructure.services.logger - INFO - Все хендлеры зарегистрированы.
2025-10-14 10:10:40,309 - src.infrastructure.services.logger - INFO - 📍 Scheduler использует event loop: <ProactorEventLoop running=True closed=False debug=False>
2025-10-14 10:10:40,313 - apscheduler.scheduler - INFO - Adding job tentatively -- it will be properly scheduled when the scheduler starts
2025-10-14 10:10:40,319 - apscheduler.scheduler - INFO - Added job "APSchedulerService.run_price_update" to job store "default"
2025-10-14 10:10:40,320 - apscheduler.scheduler - INFO - Scheduler started
2025-10-14 10:10:40,321 - src.infrastructure.services.logger - INFO - 🔁 APScheduler запущен (интервал: 1 мин).
2025-10-14 10:10:40,321 - src.infrastructure.services.logger - INFO - ✅ Планировщик успешно запущен!
2025-10-14 10:10:40,321 - aiogram.dispatcher - INFO - Start polling
2025-10-14 10:10:40,611 - aiogram.dispatcher - INFO - Run polling for bot @heavenyoung_testbot id=5702092394 - 'testtest'
2025-10-14 10:10:40,683 - src.core.db_connection - INFO - Инициализация подключения к БД: postgresql+psycopg2://postgres:1234@192.168.175.129:5432/pricely_db
2025-10-14 10:10:40,863 - src.core.uow - INFO - Unit of Work инициализирован с сессией и репозиториями
2025-10-14 10:10:40,864 - src.application.use_cases.get_products_for_user - INFO - Запрос списка товаров для пользователя ID: 515084006
2025-10-14 10:10:41,192 - src.infrastructure.database.repositories.product_repository - INFO - Найден Товар: Xiaomi S20 EU (BHR8629EU) Робот-пылесос, сухая и влажная уборка, белый (ID: 1728110604)
2025-10-14 10:10:41,300 - src.infrastructure.database.repositories.product_repository - INFO - Найден Товар: Microsoft Xbox Velocity Green Беспроводной геймпад (ID: 1609078406)
2025-10-14 10:10:41,336 - src.core.decorators - INFO - Функция get_all_products: commit пропущен, выполняется rollback
2025-10-14 10:10:41,342 - src.core.uow - INFO - Unit of Work: транзакция откачена, rollback выполнен
2025-10-14 10:10:41,343 - src.core.uow - INFO - Unit of Work: транзакция зафиксирована, commit выполнен
2025-10-14 10:10:41,346 - src.core.uow - INFO - Unit of Work завершил работу, сессия закрыта
2025-10-14 10:10:41,609 - aiogram.event - INFO - Update id=557185568 is handled. Duration 928 ms by bot id=5702092394
2025-10-14 10:10:50,617 - src.core.uow - INFO - Unit of Work инициализирован с сессией и репозиториями
2025-10-14 10:10:50,618 - src.application.use_cases.get_products_for_user - INFO - Запрос списка товаров для пользователя ID: 515084006
2025-10-14 10:10:50,670 - src.infrastructure.database.repositories.product_repository - INFO - Найден Товар: Xiaomi S20 EU (BHR8629EU) Робот-пылесос, сухая и влажная уборка, белый (ID: 1728110604)
2025-10-14 10:10:50,690 - src.infrastructure.database.repositories.product_repository - INFO - Найден Товар: Microsoft Xbox Velocity Green Беспроводной геймпад (ID: 1609078406)
2025-10-14 10:10:50,696 - src.core.decorators - INFO - Функция get_all_products: commit пропущен, выполняется rollback
2025-10-14 10:10:50,700 - src.core.uow - INFO - Unit of Work: транзакция откачена, rollback выполнен
2025-10-14 10:10:50,701 - src.core.uow - INFO - Unit of Work: транзакция зафиксирована, commit выполнен
2025-10-14 10:10:50,702 - src.core.uow - INFO - Unit of Work завершил работу, сессия закрыта
2025-10-14 10:10:50,801 - aiogram.event - INFO - Update id=557185569 is handled. Duration 185 ms by bot id=5702092394
2025-10-14 10:10:52,299 - src.core.uow - INFO - Unit of Work инициализирован с сессией и репозиториями
2025-10-14 10:10:52,329 - src.infrastructure.database.repositories.product_repository - INFO - Найден Товар: Xiaomi S20 EU (BHR8629EU) Робот-пылесос, сухая и влажная уборка, белый (ID: 1728110604)
2025-10-14 10:10:52,339 - src.core.decorators - INFO - Функция get_full_product: commit пропущен, выполняется rollback
2025-10-14 10:10:52,342 - src.core.uow - INFO - Unit of Work: транзакция откачена, rollback выполнен
2025-10-14 10:10:52,344 - src.core.uow - INFO - Unit of Work: транзакция зафиксирована, commit выполнен
2025-10-14 10:10:52,345 - src.core.uow - INFO - Unit of Work завершил работу, сессия закрыта
2025-10-14 10:10:52,569 - aiogram.event - INFO - Update id=557185570 is handled. Duration 444 ms by bot id=5702092394
2025-10-14 10:10:54,267 - src.core.uow - INFO - Unit of Work инициализирован с сессией и репозиториями
2025-10-14 10:10:54,268 - src.application.use_cases.get_products_for_user - INFO - Запрос списка товаров для пользователя ID: 515084006
2025-10-14 10:10:54,306 - src.infrastructure.database.repositories.product_repository - INFO - Найден Товар: Xiaomi S20 EU (BHR8629EU) Робот-пылесос, сухая и влажная уборка, белый (ID: 1728110604)
2025-10-14 10:10:54,339 - src.infrastructure.database.repositories.product_repository - INFO - Найден Товар: Microsoft Xbox Velocity Green Беспроводной геймпад (ID: 1609078406)
2025-10-14 10:10:54,355 - src.core.decorators - INFO - Функция get_all_products: commit пропущен, выполняется rollback
2025-10-14 10:10:54,360 - src.core.uow - INFO - Unit of Work: транзакция откачена, rollback выполнен
2025-10-14 10:10:54,361 - src.core.uow - INFO - Unit of Work: транзакция зафиксирована, commit выполнен
2025-10-14 10:10:54,363 - src.core.uow - INFO - Unit of Work завершил работу, сессия закрыта
2025-10-14 10:10:54,487 - aiogram.event - INFO - Update id=557185571 is handled. Duration 350 ms by bot id=5702092394
2025-10-14 10:11:04,371 - aiogram.event - INFO - Update id=557185572 is handled. Duration 197 ms by bot id=5702092394
2025-10-14 10:11:05,917 - src.core.uow - INFO - Unit of Work инициализирован с сессией и репозиториями
2025-10-14 10:11:16,338 - src.infrastructure.parsers.session_engine - INFO - WebDriver успешно инициализирован.
2025-10-14 10:11:27,312 - src.infrastructure.parsers.session_engine - INFO - Успешно загружена страница: https://www.ozon.ru/product/komplekt-noskov-adidas-sportswear-c-spw-crw-3p-3-pary-1072136113/?at=79tnl7ZR4T5Bw03DCKwxP5yI7rVO4ls87rJ2wHNn6z8Z&sh=5GPvD0hpow
2025-10-14 10:11:27,313 - src.infrastructure.parsers.ozon_parser - INFO - Загружена страница: https://www.ozon.ru/product/komplekt-noskov-adidas-sportswear-c-spw-crw-3p-3-pary-1072136113/?at=79tnl7ZR4T5Bw03DCKwxP5yI7rVO4ls87rJ2wHNn6z8Z&sh=5GPvD0hpow
2025-10-14 10:11:30,808 - src.infrastructure.parsers.ozon_parser - INFO - Найден артикул: 1072136113
2025-10-14 10:11:31,319 - src.infrastructure.parsers.ozon_parser - INFO - Найдено название товара: Комплект носков adidas Sportswear C Spw Crw 3P, 3 пары
2025-10-14 10:11:32,428 - src.infrastructure.parsers.ozon_parser - INFO - Найден рейтинг: 4.9
2025-10-14 10:11:36,735 - src.infrastructure.parsers.ozon_parser - INFO - Найдена цена с картой: 487
2025-10-14 10:11:37,648 - src.infrastructure.parsers.ozon_parser - INFO - Найдена цена без карты: 502
2025-10-14 10:11:37,731 - src.infrastructure.parsers.ozon_parser - INFO - Найдено изображение: https://ir.ozone.ru/s3/multimedia-1-l/wc1000/7354622253.jpg
2025-10-14 10:11:37,952 - src.infrastructure.parsers.ozon_parser - INFO - Найдены категории: ['Одежда', 'Детям', 'Девочкам', 'Носки и колготки', 'adidas Sportswear']
2025-10-14 10:11:37,953 - src.infrastructure.parsers.ozon_parser - INFO - Данные, полученные парсером: {'id': '1072136113', 'name': 'Комплект носков adidas Sportswear C Spw Crw 3P, 3 пары', 'rating': 4.9, 'price_with_card': 487, 'price_without_card': 502, 'image_url': 'https://ir.ozone.ru/s3/multimedia-1-l/wc1000/7354622253.jpg', 'categories': ['Одежда', 'Детям', 'Девочкам', 'Носки и колготки', 'adidas Sportswear']}
2025-10-14 10:11:40,630 - src.infrastructure.parsers.session_engine - INFO - WebDriver успешно закрыт.
2025-10-14 10:11:40,631 - src.application.use_cases.create_product - INFO - Парсинг данных для https://www.ozon.ru/product/komplekt-noskov-adidas-sportswear-c-spw-crw-3p-3-pary-1072136113/?at=79tnl7ZR4T5Bw03DCKwxP5yI7rVO4ls87rJ2wHNn6z8Z&sh=5GPvD0hpow: {'id': '1072136113', 'name': 'Комплект носков adidas Sportswear C Spw Crw 3P, 3 пары', 'rating': 4.9, 'price_with_card': 487, 'price_without_card': 502, 'image_url': 'https://ir.ozone.ru/s3/multimedia-1-l/wc1000/7354622253.jpg', 'categories': ['Одежда', 'Детям', 'Девочкам', 'Носки и колготки', 'adidas Sportswear']} завершен.
2025-10-14 10:11:40,639 - src.infrastructure.database.repositories.product_repository - WARNING - Товар с ID 1072136113 не найден
2025-10-14 10:11:40,650 - src.infrastructure.database.repositories.user_repository - INFO - Пользователь User(id='515084006', username='heavenyoung', chat_id='515084006', products=['1728110604', '1609078406']) получен по id: 515084006
2025-10-14 10:11:40,654 - src.infrastructure.database.repositories.product_repository - INFO - Сохранение товара: Product(id='1072136113', user_id='515084006', name='Комплект носков adidas Sportswear C Spw Crw 3P, 3 пары', link='https://www.ozon.ru/product/komplekt-noskov-adidas-sportswear-c-spw-crw-3p-3-pary-1072136113/?at=79tnl7ZR4T5Bw03DCKwxP5yI7rVO4ls87rJ2wHNn6z8Z&sh=5GPvD0hpow', image_url='https://ir.ozone.ru/s3/multimedia-1-l/wc1000/7354622253.jpg', rating=4.9, categories=['Одежда', 'Детям', 'Девочкам', 'Носки и колготки', 'adidas Sportswear'], prices=[Price(id=None, product_id='1072136113', with_card=487, without_card=502, previous_with_card=None, previous_without_card=None, created_at=datetime.datetime(2025, 10, 14, 10, 11, 40, 640165))])
2025-10-14 10:11:40,658 - src.infrastructure.database.repositories.price_repository - INFO - Сохранение цены: Price(id=None, product_id='1072136113', with_card=487, without_card=502, previous_with_card=None, previous_without_card=None, created_at=datetime.datetime(2025, 10, 14, 10, 11, 40, 640165))
2025-10-14 10:11:40,660 - src.infrastructure.database.repositories.user_products_repository - INFO - Привязка товара ID 1072136113 пользователю ID 515084006
2025-10-14 10:11:40,661 - src.core.decorators - INFO - Функция create_product: выполняется commit транзакции
2025-10-14 10:11:40,734 - src.core.uow - INFO - Unit of Work: транзакция зафиксирована, commit выполнен
2025-10-14 10:11:40,735 - src.core.uow - INFO - Unit of Work: транзакция зафиксирована, commit выполнен
2025-10-14 10:11:40,735 - src.core.uow - INFO - Unit of Work завершил работу, сессия закрыта
2025-10-14 10:11:40,752 - apscheduler.executors.default - INFO - Running job "APSchedulerService.run_price_update (trigger: interval[0:01:00], next run at: 2025-10-14 10:12:40 MSK)" (scheduled at 2025-10-14 10:11:40.313664+03:00)
2025-10-14 10:11:40,753 - src.infrastructure.services.logger - INFO - 🚀 Запуск автоматического обновления цен...
2025-10-14 10:11:40,754 - src.core.uow - INFO - Unit of Work инициализирован с сессией и репозиториями
2025-10-14 10:11:40,754 - src.application.use_cases.get_user_products - INFO - Запрашиваем данные для запуска APSchedulerService
2025-10-14 10:11:40,755 - src.infrastructure.database.repositories.user_products_repository - INFO - Извлекаем данные {product_id:user_id} из репозитория UserProductsRepositoryImpl
2025-10-14 10:11:40,763 - src.infrastructure.database.repositories.user_products_repository - INFO - Rows -> [<src.infrastructure.database.models.users_products.ORMUserProducts object at 0x0000024ADB565D50>, <src.infrastructure.database.models.users_products.ORMUserProducts object at 0x0000024ADB549F40>, <src.infrastructure.database.models.users_products.ORMUserProducts object at 0x0000024ADB54A6C0>]
2025-10-14 10:11:40,764 - src.infrastructure.database.repositories.user_products_repository - INFO - user_products Iteration -> defaultdict(<class 'list'>, {})
2025-10-14 10:11:40,765 - src.infrastructure.database.repositories.user_products_repository - INFO - user_products Iteration -> defaultdict(<class 'list'>, {'515084006': ['1728110604']})
2025-10-14 10:11:40,765 - src.infrastructure.database.repositories.user_products_repository - INFO - user_products Iteration -> defaultdict(<class 'list'>, {'515084006': ['1728110604', '1609078406']})
2025-10-14 10:11:40,766 - src.infrastructure.database.repositories.user_products_repository - INFO - Записи список (user_id: [product_id, product_id, ...]) получен и готов для парсинга.
2025-10-14 10:11:40,767 - src.core.decorators - INFO - Функция get_all_products_for_update: commit пропущен, выполняется rollback
2025-10-14 10:11:40,769 - src.core.uow - INFO - Unit of Work: транзакция откачена, rollback выполнен
2025-10-14 10:11:40,770 - src.core.uow - INFO - Unit of Work: транзакция зафиксирована, commit выполнен
2025-10-14 10:11:40,771 - src.core.uow - INFO - Unit of Work завершил работу, сессия закрыта
2025-10-14 10:11:40,771 - src.infrastructure.services.logger - INFO - USERS_PRODUCTS ПОЛУЧЕНЫ {'515084006': ['1728110604', '1609078406', '1072136113']}
2025-10-14 10:11:40,772 - src.infrastructure.services.logger - INFO - USER_PRODUCT_ITEMS: {'515084006': ['1728110604', '1609078406', '1072136113']}
2025-10-14 10:11:40,772 - src.infrastructure.services.logger - INFO - Обрабатываем товары для пользователя: 515084006
2025-10-14 10:11:40,772 - src.infrastructure.services.logger - INFO - Товары для пользователя 515084006: ['1728110604', '1609078406', '1072136113']
2025-10-14 10:11:40,773 - src.infrastructure.services.logger - INFO - Получаем товар для обновления: ID=1728110604
2025-10-14 10:11:40,774 - src.core.uow - INFO - Unit of Work инициализирован с сессией и репозиториями
2025-10-14 10:11:40,802 - src.infrastructure.database.repositories.product_repository - INFO - Найден Товар: Xiaomi S20 EU (BHR8629EU) Робот-пылесос, сухая и влажная уборка, белый (ID: 1728110604)
2025-10-14 10:11:42,771 - src.infrastructure.parsers.session_engine - INFO - WebDriver успешно инициализирован.
2025-10-14 10:11:53,861 - src.infrastructure.parsers.session_engine - INFO - Успешно загружена страница: https://www.ozon.ru/product/xiaomi-s20-eu-bhr8629eu-robot-pylesos-suhaya-i-vlazhnaya-uborka-belyy-1728110604/
2025-10-14 10:11:53,891 - src.infrastructure.parsers.ozon_parser - INFO - Загружена страница: https://www.ozon.ru/product/xiaomi-s20-eu-bhr8629eu-robot-pylesos-suhaya-i-vlazhnaya-uborka-belyy-1728110604/
2025-10-14 10:11:59,290 - src.infrastructure.parsers.ozon_parser - INFO - Найден артикул: 1728110604
2025-10-14 10:11:59,531 - src.infrastructure.parsers.ozon_parser - INFO - Найдено название товара: Xiaomi S20 EU (BHR8629EU) Робот-пылесос, сухая и влажная уборка, белый
2025-10-14 10:11:59,866 - src.infrastructure.parsers.ozon_parser - INFO - Найден рейтинг: 4.8
2025-10-14 10:11:59,977 - src.infrastructure.parsers.ozon_parser - INFO - Найдена цена с картой: 15830
2025-10-14 10:12:00,098 - src.infrastructure.parsers.ozon_parser - INFO - Найдена цена без карты: 15990
2025-10-14 10:12:00,193 - src.infrastructure.parsers.ozon_parser - INFO - Найдено изображение: https://ir.ozone.ru/s3/multimedia-1-8/wc1000/7922729852.jpg
2025-10-14 10:12:00,473 - src.infrastructure.parsers.ozon_parser - INFO - Найдены категории: ['Бытовая техника', 'Техника для дома', 'Пылесосы', 'Роботы-пылесосы', 'Xiaomi']
2025-10-14 10:12:00,473 - src.infrastructure.parsers.ozon_parser - INFO - Данные, полученные парсером: {'id': '1728110604', 'name': 'Xiaomi S20 EU (BHR8629EU) Робот-пылесос, сухая и влажная уборка, белый', 'rating': 4.8, 'price_with_card': 15830, 'price_without_card': 15990, 'image_url': 'https://ir.ozone.ru/s3/multimedia-1-8/wc1000/7922729852.jpg', 'categories': ['Бытовая техника', 'Техника для дома', 'Пылесосы', 'Роботы-пылесосы', 'Xiaomi']}
2025-10-14 10:12:02,787 - src.infrastructure.parsers.session_engine - INFO - WebDriver успешно закрыт.
2025-10-14 10:12:02,788 - src.application.use_cases.upd_product - INFO - Предыдущая цена с картой: 15830, новая цена с картой: 15830
2025-10-14 10:12:02,788 - src.application.use_cases.upd_product - INFO - Данные, возвращаемые UpdateProductPriceUseCase: {'is_changed': False, 'product_data': {'id': '1728110604', 'name': 'Xiaomi S20 EU (BHR8629EU) Робот-пылесос, сухая и влажная уборка, белый', 'link': 'https://www.ozon.ru/product/xiaomi-s20-eu-bhr8629eu-robot-pylesos-suhaya-i-vlazhnaya-uborka-belyy-1728110604/', 'with_card': 15830, 'without_card': 15990, 'previous_price_with_card': 15830, 'previous_price_without_card': 15990}}
2025-10-14 10:12:02,789 - src.core.decorators - INFO - Функция update_product_price: выполняется commit транзакции
2025-10-14 10:12:02,792 - src.core.uow - INFO - Unit of Work: транзакция зафиксирована, commit выполнен
2025-10-14 10:12:02,793 - src.core.uow - INFO - Unit of Work: транзакция зафиксирована, commit выполнен
2025-10-14 10:12:02,794 - src.core.uow - INFO - Unit of Work завершил работу, сессия закрыта
2025-10-14 10:12:02,794 - src.infrastructure.services.logger - INFO - Для обновления цены в Scheduler передан result: {'updated_product': {'id': '1728110604', 'name': 'Xiaomi S20 EU (BHR8629EU) Робот-пылесос, сухая и влажная уборка, белый', 'link': 'https://www.ozon.ru/product/xiaomi-s20-eu-bhr8629eu-robot-pylesos-suhaya-i-vlazhnaya-uborka-belyy-1728110604/', 'with_card': 15830, 'without_card': 15990, 'previous_price_with_card': 15830, 'previous_price_without_card': 15990}, 'is_changed': True}
2025-10-14 10:12:02,795 - src.infrastructure.services.logger - INFO - ПОЛУЧЕН UPDATED_PRODUCT: {'id': '1728110604', 'name': 'Xiaomi S20 EU (BHR8629EU) Робот-пылесос, сухая и влажная уборка, белый', 'link': 'https://www.ozon.ru/product/xiaomi-s20-eu-bhr8629eu-robot-pylesos-suhaya-i-vlazhnaya-uborka-belyy-1728110604/', 'with_card': 15830, 'without_card': 15990, 'previous_price_with_card': 15830, 'previous_price_without_card': 15990}
2025-10-14 10:12:02,796 - src.infrastructure.services.logger - INFO - ПОЛУЧЕН ФЛАГ is_changed: True
2025-10-14 10:12:02,796 - src.infrastructure.services.logger - INFO - Получаем товар для обновления: ID=1609078406
2025-10-14 10:12:02,797 - src.core.uow - INFO - Unit of Work инициализирован с сессией и репозиториями
2025-10-14 10:12:02,855 - src.infrastructure.database.repositories.product_repository - INFO - Найден Товар: Microsoft Xbox Velocity Green Беспроводной геймпад (ID: 1609078406)
2025-10-14 10:12:05,090 - src.infrastructure.parsers.session_engine - INFO - WebDriver успешно инициализирован.
2025-10-14 10:12:16,092 - src.infrastructure.parsers.session_engine - INFO - Успешно загружена страница: https://www.ozon.ru/product/microsoft-xbox-velocity-green-besprovodnoy-geympad-1609078406/?at=79tnlGpLxu1vJl3kfKqn3gQfp3n2WlSJABkyip72WYw&sh=5GPvD58cXw
2025-10-14 10:12:16,095 - src.infrastructure.parsers.ozon_parser - INFO - Загружена страница: https://www.ozon.ru/product/microsoft-xbox-velocity-green-besprovodnoy-geympad-1609078406/?at=79tnlGpLxu1vJl3kfKqn3gQfp3n2WlSJABkyip72WYw&sh=5GPvD58cXw
2025-10-14 10:12:21,599 - src.infrastructure.parsers.ozon_parser - INFO - Найден артикул: 1609078406
2025-10-14 10:12:21,748 - src.infrastructure.parsers.ozon_parser - INFO - Найдено название товара: Microsoft Xbox Velocity Green Беспроводной геймпад
2025-10-14 10:12:21,854 - src.infrastructure.parsers.ozon_parser - INFO - Найден рейтинг: 4.9
2025-10-14 10:12:21,933 - src.infrastructure.parsers.ozon_parser - INFO - Найдена цена с картой: 6164
2025-10-14 10:12:22,039 - src.infrastructure.parsers.ozon_parser - INFO - Найдена цена без карты: 6290
2025-10-14 10:12:22,131 - src.infrastructure.parsers.ozon_parser - INFO - Найдено изображение: https://ir.ozone.ru/s3/multimedia-1-b/wc1000/7494502547.jpg
2025-10-14 10:12:22,362 - src.infrastructure.parsers.ozon_parser - INFO - Найдены категории: ['Игры и консоли', 'Xbox', 'Аксессуары', 'Microsoft']
2025-10-14 10:12:22,363 - src.infrastructure.parsers.ozon_parser - INFO - Данные, полученные парсером: {'id': '1609078406', 'name': 'Microsoft Xbox Velocity Green Беспроводной геймпад', 'rating': 4.9, 'price_with_card': 6164, 'price_without_card': 6290, 'image_url': 'https://ir.ozone.ru/s3/multimedia-1-b/wc1000/7494502547.jpg', 'categories': ['Игры и консоли', 'Xbox', 'Аксессуары', 'Microsoft']}
2025-10-14 10:12:24,678 - src.infrastructure.parsers.session_engine - INFO - WebDriver успешно закрыт.
2025-10-14 10:12:24,679 - src.application.use_cases.upd_product - INFO - Предыдущая цена с картой: 6164, новая цена с картой: 6164
2025-10-14 10:12:24,680 - src.application.use_cases.upd_product - INFO - Данные, возвращаемые UpdateProductPriceUseCase: {'is_changed': False, 'product_data': {'id': '1609078406', 'name': 'Microsoft Xbox Velocity Green Беспроводной геймпад', 'link': 'https://www.ozon.ru/product/microsoft-xbox-velocity-green-besprovodnoy-geympad-1609078406/?at=79tnlGpLxu1vJl3kfKqn3gQfp3n2WlSJABkyip72WYw&sh=5GPvD58cXw', 'with_card': 6164, 'without_card': 6290, 'previous_price_with_card': 6164, 'previous_price_without_card': 6290}}
2025-10-14 10:12:24,681 - src.core.decorators - INFO - Функция update_product_price: выполняется commit транзакции
2025-10-14 10:12:24,683 - src.core.uow - INFO - Unit of Work: транзакция зафиксирована, commit выполнен
2025-10-14 10:12:24,684 - src.core.uow - INFO - Unit of Work: транзакция зафиксирована, commit выполнен
2025-10-14 10:12:24,685 - src.core.uow - INFO - Unit of Work завершил работу, сессия закрыта
2025-10-14 10:12:24,685 - src.infrastructure.services.logger - INFO - Для обновления цены в Scheduler передан result: {'updated_product': {'id': '1609078406', 'name': 'Microsoft Xbox Velocity Green Беспроводной геймпад', 'link': 'https://www.ozon.ru/product/microsoft-xbox-velocity-green-besprovodnoy-geympad-1609078406/?at=79tnlGpLxu1vJl3kfKqn3gQfp3n2WlSJABkyip72WYw&sh=5GPvD58cXw', 'with_card': 6164, 'without_card': 6290, 'previous_price_with_card': 6164, 'previous_price_without_card': 6290}, 'is_changed': True}
2025-10-14 10:12:24,686 - src.infrastructure.services.logger - INFO - ПОЛУЧЕН UPDATED_PRODUCT: {'id': '1609078406', 'name': 'Microsoft Xbox Velocity Green Беспроводной геймпад', 'link': 'https://www.ozon.ru/product/microsoft-xbox-velocity-green-besprovodnoy-geympad-1609078406/?at=79tnlGpLxu1vJl3kfKqn3gQfp3n2WlSJABkyip72WYw&sh=5GPvD58cXw', 'with_card': 6164, 'without_card': 6290, 'previous_price_with_card': 6164, 'previous_price_without_card': 6290}
2025-10-14 10:12:24,687 - src.infrastructure.services.logger - INFO - ПОЛУЧЕН ФЛАГ is_changed: True
2025-10-14 10:12:24,688 - src.infrastructure.services.logger - INFO - Получаем товар для обновления: ID=1072136113
2025-10-14 10:12:24,688 - src.core.uow - INFO - Unit of Work инициализирован с сессией и репозиториями
2025-10-14 10:12:24,724 - src.infrastructure.database.repositories.product_repository - INFO - Найден Товар: Комплект носков adidas Sportswear C Spw Crw 3P, 3 пары (ID: 1072136113)
2025-10-14 10:12:26,935 - src.infrastructure.parsers.session_engine - INFO - WebDriver успешно инициализирован.
2025-10-14 10:12:37,960 - src.infrastructure.parsers.session_engine - INFO - Успешно загружена страница: https://www.ozon.ru/product/komplekt-noskov-adidas-sportswear-c-spw-crw-3p-3-pary-1072136113/?at=79tnl7ZR4T5Bw03DCKwxP5yI7rVO4ls87rJ2wHNn6z8Z&sh=5GPvD0hpow
2025-10-14 10:12:38,038 - src.infrastructure.parsers.ozon_parser - INFO - Загружена страница: https://www.ozon.ru/product/komplekt-noskov-adidas-sportswear-c-spw-crw-3p-3-pary-1072136113/?at=79tnl7ZR4T5Bw03DCKwxP5yI7rVO4ls87rJ2wHNn6z8Z&sh=5GPvD0hpow
2025-10-14 10:12:41,338 - src.infrastructure.parsers.ozon_parser - INFO - Найден артикул: 1072136113
2025-10-14 10:12:42,102 - src.infrastructure.parsers.ozon_parser - INFO - Найдено название товара: Комплект носков adidas Sportswear C Spw Crw 3P, 3 пары
2025-10-14 10:12:42,242 - src.infrastructure.parsers.ozon_parser - INFO - Найден рейтинг: 4.9
2025-10-14 10:12:42,354 - src.infrastructure.parsers.ozon_parser - INFO - Найдена цена с картой: 487
2025-10-14 10:12:42,513 - src.infrastructure.parsers.ozon_parser - INFO - Найдена цена без карты: 502
2025-10-14 10:12:42,575 - src.infrastructure.parsers.ozon_parser - INFO - Найдено изображение: https://ir.ozone.ru/s3/multimedia-1-l/wc1000/7354622253.jpg
2025-10-14 10:12:42,870 - src.infrastructure.parsers.ozon_parser - INFO - Найдены категории: ['Одежда', 'Детям', 'Девочкам', 'Носки и колготки', 'adidas Sportswear']
2025-10-14 10:12:42,871 - src.infrastructure.parsers.ozon_parser - INFO - Данные, полученные парсером: {'id': '1072136113', 'name': 'Комплект носков adidas Sportswear C Spw Crw 3P, 3 пары', 'rating': 4.9, 'price_with_card': 487, 'price_without_card': 502, 'image_url': 'https://ir.ozone.ru/s3/multimedia-1-l/wc1000/7354622253.jpg', 'categories': ['Одежда', 'Детям', 'Девочкам', 'Носки и колготки', 'adidas Sportswear']}
2025-10-14 10:12:45,330 - src.infrastructure.parsers.session_engine - INFO - WebDriver успешно закрыт.
2025-10-14 10:12:45,331 - src.application.use_cases.upd_product - INFO - Предыдущая цена с картой: 487, новая цена с картой: 487
2025-10-14 10:12:45,332 - src.application.use_cases.upd_product - INFO - Данные, возвращаемые UpdateProductPriceUseCase: {'is_changed': False, 'product_data': {'id': '1072136113', 'name': 'Комплект носков adidas Sportswear C Spw Crw 3P, 3 пары', 'link': 'https://www.ozon.ru/product/komplekt-noskov-adidas-sportswear-c-spw-crw-3p-3-pary-1072136113/?at=79tnl7ZR4T5Bw03DCKwxP5yI7rVO4ls87rJ2wHNn6z8Z&sh=5GPvD0hpow', 'with_card': 487, 'without_card': 502, 'previous_price_with_card': 487, 'previous_price_without_card': 502}}
2025-10-14 10:12:45,333 - src.core.decorators - INFO - Функция update_product_price: выполняется commit транзакции
2025-10-14 10:12:45,336 - src.core.uow - INFO - Unit of Work: транзакция зафиксирована, commit выполнен
2025-10-14 10:12:45,337 - src.core.uow - INFO - Unit of Work: транзакция зафиксирована, commit выполнен
2025-10-14 10:12:45,337 - src.core.uow - INFO - Unit of Work завершил работу, сессия закрыта
2025-10-14 10:12:45,338 - src.infrastructure.services.logger - INFO - Для обновления цены в Scheduler передан result: {'updated_product': {'id': '1072136113', 'name': 'Комплект носков adidas Sportswear C Spw Crw 3P, 3 пары', 'link': 'https://www.ozon.ru/product/komplekt-noskov-adidas-sportswear-c-spw-crw-3p-3-pary-1072136113/?at=79tnl7ZR4T5Bw03DCKwxP5yI7rVO4ls87rJ2wHNn6z8Z&sh=5GPvD0hpow', 'with_card': 487, 'without_card': 502, 'previous_price_with_card': 487, 'previous_price_without_card': 502}, 'is_changed': True}
2025-10-14 10:12:45,338 - src.infrastructure.services.logger - INFO - ПОЛУЧЕН UPDATED_PRODUCT: {'id': '1072136113', 'name': 'Комплект носков adidas Sportswear C Spw Crw 3P, 3 пары', 'link': 'https://www.ozon.ru/product/komplekt-noskov-adidas-sportswear-c-spw-crw-3p-3-pary-1072136113/?at=79tnl7ZR4T5Bw03DCKwxP5yI7rVO4ls87rJ2wHNn6z8Z&sh=5GPvD0hpow', 'with_card': 487, 'without_card': 502, 'previous_price_with_card': 487, 'previous_price_without_card': 502}
2025-10-14 10:12:45,339 - src.infrastructure.services.logger - INFO - ПОЛУЧЕН ФЛАГ is_changed: True
2025-10-14 10:12:45,340 - src.infrastructure.services.logger - INFO - ⚠️  Список товаров для отправки пользователю [{'id': '1728110604', 'name': 'Xiaomi S20 EU (BHR8629EU) Робот-пылесос, сухая и влажная уборка, белый', 'link': 'https://www.ozon.ru/product/xiaomi-s20-eu-bhr8629eu-robot-pylesos-suhaya-i-vlazhnaya-uborka-belyy-1728110604/', 'with_card': 15830, 'without_card': 15990, 'previous_price_with_card': 15830, 'previous_price_without_card': 15990}, {'id': '1609078406', 'name': 'Microsoft Xbox Velocity Green Беспроводной геймпад', 'link': 'https://www.ozon.ru/product/microsoft-xbox-velocity-green-besprovodnoy-geympad-1609078406/?at=79tnlGpLxu1vJl3kfKqn3gQfp3n2WlSJABkyip72WYw&sh=5GPvD58cXw', 'with_card': 6164, 'without_card': 6290, 'previous_price_with_card': 6164, 'previous_price_without_card': 6290}, {'id': '1072136113', 'name': 'Комплект носков adidas Sportswear C Spw Crw 3P, 3 пары', 'link': 'https://www.ozon.ru/product/komplekt-noskov-adidas-sportswear-c-spw-crw-3p-3-pary-1072136113/?at=79tnl7ZR4T5Bw03DCKwxP5yI7rVO4ls87rJ2wHNn6z8Z&sh=5GPvD0hpow', 'with_card': 487, 'without_card': 502, 'previous_price_with_card': 487, 'previous_price_without_card': 502}]
2025-10-14 10:12:45,340 - src.infrastructure.services.notification_service - INFO - 📨 NotificationService: Отправка уведомления пользователю 515084006
2025-10-14 10:12:45,341 - src.infrastructure.services.notification_service - INFO - 📝 Текст сформирован: 🔔 Цены на 3 товара изменились!

📈 📦 [*Xiaomi S20 E...
2025-10-14 10:12:45,349 - apscheduler.scheduler - WARNING - Execution of job "APSchedulerService.run_price_update (trigger: interval[0:01:00], next run at: 2025-10-14 10:12:40 MSK)" skipped: maximum number of running instances reached (1)
2025-10-14 10:12:45,351 - src.infrastructure.services.logger - ERROR - Ошибка при добавлении товара
Traceback (most recent call last):
  File "C:\Users\Mefyod-EA\Documents\my_projects\pricely\.venv\Lib\site-packages\aiohttp\client.py", line 770, in _request
    resp = await handler(req)
           ^^^^^^^^^^^^^^^^^^
  File "C:\Users\Mefyod-EA\Documents\my_projects\pricely\.venv\Lib\site-packages\aiohttp\client.py", line 725, in _connect_and_send_request
    conn = await self._connector.connect(
           ^^^^^^^^^^^^^^^^^^^^^^^^^^^^^^
        req, traces=traces, timeout=real_timeout
        ^^^^^^^^^^^^^^^^^^^^^^^^^^^^^^^^^^^^^^^^
    )
    ^
  File "C:\Users\Mefyod-EA\Documents\my_projects\pricely\.venv\Lib\site-packages\aiohttp\connector.py", line 642, in connect
    proto = await self._create_connection(req, traces, timeout)
            ^^^^^^^^^^^^^^^^^^^^^^^^^^^^^^^^^^^^^^^^^^^^^^^^^^^
  File "C:\Users\Mefyod-EA\Documents\my_projects\pricely\.venv\Lib\site-packages\aiohttp\connector.py", line 1209, in _create_connection
    _, proto = await self._create_direct_connection(req, traces, timeout)
               ^^^^^^^^^^^^^^^^^^^^^^^^^^^^^^^^^^^^^^^^^^^^^^^^^^^^^^^^^^
  File "C:\Users\Mefyod-EA\Documents\my_projects\pricely\.venv\Lib\site-packages\aiohttp\connector.py", line 1550, in _create_direct_connection
    transp, proto = await self._wrap_create_connection(
                    ^^^^^^^^^^^^^^^^^^^^^^^^^^^^^^^^^^^
    ...<7 lines>...
    )
    ^
  File "C:\Users\Mefyod-EA\Documents\my_projects\pricely\.venv\Lib\site-packages\aiohttp\connector.py", line 1283, in _wrap_create_connection
    return await self._loop.create_connection(*args, **kwargs, sock=sock)
           ^^^^^^^^^^^^^^^^^^^^^^^^^^^^^^^^^^^^^^^^^^^^^^^^^^^^^^^^^^^^^^
  File "C:\Users\Mefyod-EA\AppData\Roaming\uv\python\cpython-3.13.3-windows-x86_64-none\Lib\asyncio\base_events.py", line 1187, in create_connection
    transport, protocol = await self._create_connection_transport(
                          ^^^^^^^^^^^^^^^^^^^^^^^^^^^^^^^^^^^^^^^^
    ...<2 lines>...
        ssl_shutdown_timeout=ssl_shutdown_timeout)
        ^^^^^^^^^^^^^^^^^^^^^^^^^^^^^^^^^^^^^^^^^^
  File "C:\Users\Mefyod-EA\AppData\Roaming\uv\python\cpython-3.13.3-windows-x86_64-none\Lib\asyncio\base_events.py", line 1220, in _create_connection_transport
    await waiter
asyncio.exceptions.CancelledError

The above exception was the direct cause of the following exception:

Traceback (most recent call last):
  File "C:\Users\Mefyod-EA\Documents\my_projects\pricely\.venv\Lib\site-packages\aiogram\client\session\aiohttp.py", line 177, in make_request
    async with session.post(
               ~~~~~~~~~~~~^
        url, data=form, timeout=self.timeout if timeout is None else timeout
        ^^^^^^^^^^^^^^^^^^^^^^^^^^^^^^^^^^^^^^^^^^^^^^^^^^^^^^^^^^^^^^^^^^^^
    ) as resp:
    ^
  File "C:\Users\Mefyod-EA\Documents\my_projects\pricely\.venv\Lib\site-packages\aiohttp\client.py", line 1488, in __aenter__
    self._resp: _RetType = await self._coro
                           ^^^^^^^^^^^^^^^^
  File "C:\Users\Mefyod-EA\Documents\my_projects\pricely\.venv\Lib\site-packages\aiohttp\client.py", line 622, in _request
    with timer:
         ^^^^^
  File "C:\Users\Mefyod-EA\Documents\my_projects\pricely\.venv\Lib\site-packages\aiohttp\helpers.py", line 685, in __exit__
    raise asyncio.TimeoutError from exc_val
TimeoutError

During handling of the above exception, another exception occurred:

Traceback (most recent call last):
  File "C:\Users\Mefyod-EA\Documents\my_projects\pricely\src\presentation\bot\handlers\products.py", line 37, in add_product_process
    await message.answer(
    ...<5 lines>...
    )
  File "C:\Users\Mefyod-EA\Documents\my_projects\pricely\.venv\Lib\site-packages\aiogram\methods\base.py", line 84, in emit
    return await bot(self)
           ^^^^^^^^^^^^^^^
  File "C:\Users\Mefyod-EA\Documents\my_projects\pricely\.venv\Lib\site-packages\aiogram\client\bot.py", line 482, in __call__
    return await self.session(self, method, timeout=request_timeout)
           ^^^^^^^^^^^^^^^^^^^^^^^^^^^^^^^^^^^^^^^^^^^^^^^^^^^^^^^^^
  File "C:\Users\Mefyod-EA\Documents\my_projects\pricely\.venv\Lib\site-packages\aiogram\client\session\base.py", line 254, in __call__
    return cast(TelegramType, await middleware(bot, method))
                              ^^^^^^^^^^^^^^^^^^^^^^^^^^^^^
  File "C:\Users\Mefyod-EA\Documents\my_projects\pricely\.venv\Lib\site-packages\aiogram\client\session\aiohttp.py", line 182, in make_request
    raise TelegramNetworkError(method=method, message="Request timeout error")
aiogram.exceptions.TelegramNetworkError: HTTP Client says - Request timeout error
2025-10-14 10:12:45,899 - src.infrastructure.services.notification_service - INFO - ✅ Сообщение ID 1789 отправлено пользователю 515084006
2025-10-14 10:12:45,900 - src.infrastructure.services.logger - INFO - ✅ Автоматическое обновление цен завершено.
2025-10-14 10:12:45,901 - apscheduler.executors.default - INFO - Job "APSchedulerService.run_price_update (trigger: interval[0:01:00], next run at: 2025-10-14 10:13:40 MSK)" executed successfully
2025-10-14 10:12:45,901 - src.infrastructure.services.logger - INFO - ✅ ShedulerService выполнил задачу успешно.
2025-10-14 10:12:45,909 - aiogram.event - INFO - Update id=557185573 is handled. Duration 100237 ms by bot id=5702092394
2025-10-14 10:13:02,631 - aiogram.dispatcher - INFO - Polling stopped
2025-10-14 10:13:02,636 - aiogram.dispatcher - ERROR - Failed to fetch updates - TelegramNetworkError: HTTP Client says - ServerDisconnectedError: Server disconnected
2025-10-14 10:13:02,636 - aiogram.dispatcher - WARNING - Sleep for 1.000000 seconds and try again... (tryings = 0, bot id = 5702092394)
2025-10-14 10:13:02,778 - aiogram.dispatcher - INFO - Polling stopped for bot @heavenyoung_testbot id=5702092394 - 'testtest'
2025-10-14 10:14:27,636 - src.infrastructure.services.logger - INFO - Бот запущен
2025-10-14 10:14:27,639 - src.infrastructure.services.logger - INFO - Все хендлеры зарегистрированы.
2025-10-14 10:14:27,653 - src.infrastructure.services.logger - INFO - 📍 Scheduler использует event loop: <ProactorEventLoop running=True closed=False debug=False>
2025-10-14 10:14:27,656 - apscheduler.scheduler - INFO - Adding job tentatively -- it will be properly scheduled when the scheduler starts
2025-10-14 10:14:27,660 - apscheduler.scheduler - INFO - Added job "APSchedulerService.run_price_update" to job store "default"
2025-10-14 10:14:27,660 - apscheduler.scheduler - INFO - Scheduler started
2025-10-14 10:14:27,661 - src.infrastructure.services.logger - INFO - 🔁 APScheduler запущен (интервал: 10 мин).
2025-10-14 10:14:27,661 - src.infrastructure.services.logger - INFO - ✅ Планировщик успешно запущен!
2025-10-14 10:14:27,662 - aiogram.dispatcher - INFO - Start polling
2025-10-14 10:14:27,942 - aiogram.dispatcher - INFO - Run polling for bot @heavenyoung_testbot id=5702092394 - 'testtest'
2025-10-14 10:14:28,011 - src.core.db_connection - INFO - Инициализация подключения к БД: postgresql+psycopg2://postgres:1234@192.168.175.129:5432/pricely_db
2025-10-14 10:14:28,170 - src.core.uow - INFO - Unit of Work инициализирован с сессией и репозиториями
2025-10-14 10:14:28,337 - src.infrastructure.database.repositories.user_repository - INFO - Пользователь User(id='515084006', username='heavenyoung', chat_id='515084006', products=['1728110604', '1609078406', '1072136113']) получен по id: 515084006
2025-10-14 10:14:28,338 - src.application.use_cases.create_user - INFO - Пользователь 515084006 уже существует, пропускаем создание
2025-10-14 10:14:28,339 - src.core.decorators - INFO - Функция create_user: выполняется commit транзакции
2025-10-14 10:14:28,343 - src.core.uow - INFO - Unit of Work: транзакция зафиксирована, commit выполнен
2025-10-14 10:14:28,344 - src.core.uow - INFO - Unit of Work: транзакция зафиксирована, commit выполнен
2025-10-14 10:14:28,345 - src.core.uow - INFO - Unit of Work завершил работу, сессия закрыта
2025-10-14 10:14:28,345 - src.infrastructure.services.logger - INFO - Пользователь 515084006 создан или уже существует
2025-10-14 10:14:28,559 - aiogram.event - INFO - Update id=557185574 is handled. Duration 548 ms by bot id=5702092394
2025-10-14 10:14:30,555 - src.core.uow - INFO - Unit of Work инициализирован с сессией и репозиториями
2025-10-14 10:14:30,555 - src.application.use_cases.get_products_for_user - INFO - Запрос списка товаров для пользователя ID: 515084006
2025-10-14 10:14:30,622 - src.infrastructure.database.repositories.product_repository - INFO - Найден Товар: Xiaomi S20 EU (BHR8629EU) Робот-пылесос, сухая и влажная уборка, белый (ID: 1728110604)
2025-10-14 10:14:30,691 - src.infrastructure.database.repositories.product_repository - INFO - Найден Товар: Microsoft Xbox Velocity Green Беспроводной геймпад (ID: 1609078406)
2025-10-14 10:14:30,737 - src.infrastructure.database.repositories.product_repository - INFO - Найден Товар: Комплект носков adidas Sportswear C Spw Crw 3P, 3 пары (ID: 1072136113)
2025-10-14 10:14:30,750 - src.core.decorators - INFO - Функция get_all_products: commit пропущен, выполняется rollback
2025-10-14 10:14:30,755 - src.core.uow - INFO - Unit of Work: транзакция откачена, rollback выполнен
2025-10-14 10:14:30,756 - src.core.uow - INFO - Unit of Work: транзакция зафиксирована, commit выполнен
2025-10-14 10:14:30,757 - src.core.uow - INFO - Unit of Work завершил работу, сессия закрыта
2025-10-14 10:14:30,854 - aiogram.event - INFO - Update id=557185575 is handled. Duration 301 ms by bot id=5702092394
2025-10-14 10:14:32,001 - aiogram.event - INFO - Update id=557185576 is handled. Duration 227 ms by bot id=5702092394
2025-10-14 10:14:33,481 - src.core.uow - INFO - Unit of Work инициализирован с сессией и репозиториями
2025-10-14 10:14:35,778 - src.infrastructure.parsers.session_engine - INFO - WebDriver успешно инициализирован.
2025-10-14 10:14:46,764 - src.infrastructure.parsers.session_engine - INFO - Успешно загружена страница: https://www.ozon.ru/product/dzhinsy-befree-1068256533/
2025-10-14 10:14:46,778 - src.infrastructure.parsers.ozon_parser - INFO - Загружена страница: https://www.ozon.ru/product/dzhinsy-befree-1068256533/
2025-10-14 10:14:49,619 - src.infrastructure.parsers.ozon_parser - INFO - Найден артикул: 1068256533
2025-10-14 10:14:49,721 - src.infrastructure.parsers.ozon_parser - INFO - Найдено название товара: Джинсы Befree
2025-10-14 10:14:49,828 - src.infrastructure.parsers.ozon_parser - INFO - Найден рейтинг: 4.9
2025-10-14 10:14:49,910 - src.infrastructure.parsers.ozon_parser - INFO - Найдена цена с картой: 3475
2025-10-14 10:14:50,008 - src.infrastructure.parsers.ozon_parser - INFO - Найдена цена без карты: 3737
2025-10-14 10:14:50,085 - src.infrastructure.parsers.ozon_parser - INFO - Найдено изображение: https://ir.ozone.ru/s3/multimedia-1-u/wc1000/7208662458.jpg
2025-10-14 10:14:51,184 - src.infrastructure.parsers.ozon_parser - INFO - Найдены категории: ['Одежда', 'Мужчинам', 'Джинсы', 'Befree']
2025-10-14 10:14:51,233 - src.infrastructure.parsers.ozon_parser - INFO - Данные, полученные парсером: {'id': '1068256533', 'name': 'Джинсы Befree', 'rating': 4.9, 'price_with_card': 3475, 'price_without_card': 3737, 'image_url': 'https://ir.ozone.ru/s3/multimedia-1-u/wc1000/7208662458.jpg', 'categories': ['Одежда', 'Мужчинам', 'Джинсы', 'Befree']}
2025-10-14 10:14:54,040 - src.infrastructure.parsers.session_engine - INFO - WebDriver успешно закрыт.
2025-10-14 10:14:54,040 - src.application.use_cases.create_product - INFO - Парсинг данных для https://www.ozon.ru/product/dzhinsy-befree-1068256533/: {'id': '1068256533', 'name': 'Джинсы Befree', 'rating': 4.9, 'price_with_card': 3475, 'price_without_card': 3737, 'image_url': 'https://ir.ozone.ru/s3/multimedia-1-u/wc1000/7208662458.jpg', 'categories': ['Одежда', 'Мужчинам', 'Джинсы', 'Befree']} завершен.
2025-10-14 10:14:54,053 - src.infrastructure.database.repositories.product_repository - WARNING - Товар с ID 1068256533 не найден
2025-10-14 10:14:54,064 - src.infrastructure.database.repositories.user_repository - INFO - Пользователь User(id='515084006', username='heavenyoung', chat_id='515084006', products=['1728110604', '1609078406', '1072136113']) получен по id: 515084006
2025-10-14 10:14:54,069 - src.infrastructure.database.repositories.product_repository - INFO - Сохранение товара: Product(id='1068256533', user_id='515084006', name='Джинсы Befree', link='https://www.ozon.ru/product/dzhinsy-befree-1068256533/', image_url='https://ir.ozone.ru/s3/multimedia-1-u/wc1000/7208662458.jpg', rating=4.9, categories=['Одежда', 'Мужчинам', 'Джинсы', 'Befree'], prices=[Price(id=None, product_id='1068256533', with_card=3475, without_card=3737, previous_with_card=None, previous_without_card=None, created_at=datetime.datetime(2025, 10, 14, 10, 14, 54, 54275))])
2025-10-14 10:14:54,078 - src.infrastructure.database.repositories.price_repository - INFO - Сохранение цены: Price(id=None, product_id='1068256533', with_card=3475, without_card=3737, previous_with_card=None, previous_without_card=None, created_at=datetime.datetime(2025, 10, 14, 10, 14, 54, 54275))
2025-10-14 10:14:54,080 - src.infrastructure.database.repositories.user_products_repository - INFO - Привязка товара ID 1068256533 пользователю ID 515084006
2025-10-14 10:14:54,081 - src.core.decorators - INFO - Функция create_product: выполняется commit транзакции
2025-10-14 10:14:54,134 - src.core.uow - INFO - Unit of Work: транзакция зафиксирована, commit выполнен
2025-10-14 10:14:54,135 - src.core.uow - INFO - Unit of Work: транзакция зафиксирована, commit выполнен
2025-10-14 10:14:54,135 - src.core.uow - INFO - Unit of Work завершил работу, сессия закрыта
2025-10-14 10:14:54,396 - aiogram.event - INFO - Update id=557185577 is handled. Duration 20995 ms by bot id=5702092394
2025-10-14 10:15:37,612 - aiogram.dispatcher - INFO - Polling stopped
2025-10-14 10:15:37,616 - aiogram.dispatcher - ERROR - Failed to fetch updates - TelegramNetworkError: HTTP Client says - ServerDisconnectedError: Server disconnected
2025-10-14 10:15:37,617 - aiogram.dispatcher - WARNING - Sleep for 1.000000 seconds and try again... (tryings = 0, bot id = 5702092394)
2025-10-14 10:15:37,742 - aiogram.dispatcher - INFO - Polling stopped for bot @heavenyoung_testbot id=5702092394 - 'testtest'
